0.000000 0.000000
0.020000 0.000000
0.040000 0.000000
0.060000 0.000000
0.080000 0.000000
0.100000 0.000000
0.120000 0.000000
0.140000 0.000000
0.160000 0.000000
0.180000 0.000000
0.200000 0.000000
0.220000 0.000000
0.240000 0.000000
0.260000 0.000000
0.280000 0.000000
0.300000 0.000000
0.320000 0.000000
0.340000 0.000000
0.360000 0.000000
0.380000 0.000000
0.400000 0.000000
0.420000 0.000000
0.440000 0.000000
0.460000 0.000000
0.480000 0.000000
0.500000 0.000000
0.520000 0.000000
0.540000 0.000000
0.560000 0.000000
0.580000 0.000000
0.600000 0.000000
0.620000 0.000000
0.640000 0.000000
0.660000 0.000000
0.680000 0.000000
0.700000 0.000000
0.720000 0.000000
0.740000 0.000000
0.760000 0.000000
0.780000 0.000000
0.800000 0.000000
0.820000 0.000000
0.840000 0.000000
0.860000 0.000000
0.880000 0.000000
0.900000 0.000000
0.920000 0.000000
0.940000 0.000000
0.960000 0.000000
0.980000 0.000000
1.000000 0.000000
1.020000 0.000000
1.040000 0.000000
1.060000 0.000000
1.080000 0.000000
1.100000 0.000000
1.120000 0.000000
1.140000 0.000000
1.160000 0.000000
1.180000 0.000000
1.200000 0.000000
1.220000 0.000000
1.240000 0.000000
1.260000 0.000000
1.280000 0.000000
1.300000 0.000000
1.320000 0.000000
1.340000 0.000000
1.360000 0.000000
1.380000 0.000000
1.400000 0.000000
1.420000 0.000000
1.440000 0.000000
1.460000 0.000000
1.480000 0.000000
1.500000 0.000000
1.520000 0.000000
1.540000 0.000000
1.560000 0.000000
1.580000 0.000000
1.600000 0.000000
1.620000 0.000000
1.640000 0.000000
1.660000 0.000000
1.680000 0.000000
1.700000 0.000000
1.720000 0.000000
1.740000 0.000000
1.760000 0.000000
1.780000 0.000000
1.800000 0.000000
1.820000 0.000000
1.840000 0.000000
1.860000 0.000000
1.880000 0.000000
1.900000 0.000000
1.920000 0.000000
1.940000 0.000000
1.960000 0.000000
1.980000 0.000000
2.000000 0.000000
2.020000 0.000000
2.040000 0.000000
2.060000 0.000000
2.080000 0.000000
2.100000 0.000000
2.120000 0.000000
2.140000 0.000000
2.160000 0.000000
2.180000 0.000000
2.200000 0.000000
2.220000 0.000000
2.240000 0.000000
2.260000 0.000000
2.280000 0.000000
2.300000 0.000000
2.320000 0.000000
2.340000 0.000000
2.360000 0.000000
2.380000 0.000000
2.400000 0.000000
2.420000 0.000000
2.440000 0.000000
2.460000 0.000000
2.480000 0.000000
2.500000 0.000000
2.520000 0.000000
2.540000 0.000000
2.560000 0.000000
2.580000 0.000000
2.600000 0.000000
2.620000 0.000000
2.640000 0.000000
2.660000 0.000000
2.680000 0.000728
2.700000 0.000718
2.720000 0.002829
2.740000 0.004182
2.760000 0.005496
2.780000 0.008126
2.800000 0.010013
2.820000 0.009872
2.840000 0.010383
2.860000 0.014718
2.880000 0.015777
2.900000 0.026765
2.920000 0.018419
2.940000 0.032706
2.960000 0.044218
2.980000 0.044808
3.000000 0.053523
3.020000 0.085543
3.040000 0.091791
3.060000 0.100106
3.080000 0.103230
3.100000 0.124250
3.120000 0.129123
3.140000 0.128020
3.160000 0.140572
3.180000 0.162123
3.200000 0.186709
3.220000 0.192488
3.240000 0.185136
3.260000 0.201116
3.280000 0.219618
3.300000 0.254016
3.320000 0.263808
3.340000 0.278045
3.360000 0.289606
3.380000 0.317846
3.400000 0.337699
3.420000 0.351245
3.440000 0.390583
3.460000 0.384780
3.480000 0.395096
3.500000 0.445368
3.520000 0.449219
3.540000 0.461319
3.560000 0.490078
3.580000 0.536163
3.600000 0.554506
3.620000 0.527612
3.640000 0.526989
3.660000 0.577222
3.680000 0.556659
3.700000 0.626879
3.720000 0.616765
3.740000 0.639440
3.760000 0.677546
3.780000 0.685826
3.800000 0.668115
3.820000 0.721162
3.840000 0.728269
3.860000 0.721113
3.880000 0.723470
3.900000 0.748841
3.920000 0.764786
3.940000 0.753007
3.960000 0.801623
3.980000 0.793938
4.000000 0.786694
4.020000 0.817525
4.040000 0.801116
4.060000 0.847992
4.080000 0.871543
4.100000 0.843111
4.120000 0.883172
4.140000 0.891207
4.160000 0.887225
4.180000 0.889584
4.200000 0.897805
4.220000 0.907894
4.240000 0.915419
4.260000 0.904551
4.280000 0.917616
4.300000 0.908269
4.320000 0.953875
4.340000 0.931753
4.360000 0.914688
4.380000 0.949585
4.400000 0.951291
4.420000 0.948629
4.440000 0.937992
4.460000 0.940169
4.480000 0.930505
4.500000 0.942483
4.520000 0.963718
4.540000 1.000838
4.560000 0.960802
4.580000 0.989975
4.600000 0.969995
4.620000 0.959420
4.640000 0.949722
4.660000 0.948855
4.680000 0.959471
4.700000 0.955616
4.720000 0.954856
4.740000 0.972529
4.760000 0.963927
4.780000 0.983232
4.800000 0.977579
4.820000 1.004972
4.840000 0.981239
4.860000 0.977419
4.880000 0.997214
4.900000 1.024525
4.920000 1.040952
4.940000 1.042238
4.960000 1.085720
4.980000 1.050574
5.000000 1.049133
5.020000 1.086222
5.040000 1.105537
5.060000 1.116927
5.080000 1.122815
5.100000 1.167737
5.120000 1.146833
5.140000 1.168547
5.160000 1.195217
5.180000 1.180739
5.200000 1.183343
5.220000 1.221135
5.240000 1.231738
5.260000 1.244042
5.280000 1.256125
5.300000 1.314539
5.320000 1.324544
5.340000 1.272121
5.360000 1.302875
5.380000 1.311185
5.400000 1.328522
5.420000 1.348429
5.440000 1.388060
5.460000 1.358903
5.480000 1.390467
5.500000 1.400009
5.520000 1.373871
5.540000 1.377335
5.560000 1.408575
5.580000 1.421117
5.600000 1.411002
5.620000 1.418622
5.640000 1.422301
5.660000 1.409006
5.680000 1.392769
5.700000 1.381413
5.720000 1.360549
5.740000 1.351419
5.760000 1.390987
5.780000 1.383596
5.800000 1.370027
5.820000 1.353509
5.840000 1.365217
5.860000 1.309427
5.880000 1.302372
5.900000 1.270182
5.920000 1.264776
5.940000 1.276239
5.960000 1.277315
5.980000 1.263658
6.000000 1.221698
6.020000 1.272751
6.040000 1.200413
6.060000 1.211399
6.080000 1.205587
6.100000 1.193613
6.120000 1.190466
6.140000 1.177719
6.160000 1.165250
6.180000 1.157732
6.200000 1.163271
6.220000 1.175098
6.240000 1.155176
6.260000 1.143394
6.280000 1.142129
6.300000 1.148536
6.320000 1.111297
6.340000 1.112674
6.360000 1.100502
6.380000 1.077488
6.400000 1.085399
6.420000 1.081207
6.440000 1.079327
6.460000 1.074679
6.480000 1.077701
6.500000 1.069597
6.520000 1.056998
6.540000 1.055099
6.560000 1.072130
6.580000 1.050704
6.600000 1.040012
6.620000 1.030270
6.640000 1.029803
6.660000 1.000771
6.680000 1.033189
6.700000 1.012639
6.720000 1.019198
6.740000 1.014555
6.760000 1.015125
6.780000 1.003323
6.800000 1.016760
6.820000 0.984713
6.840000 0.988744
6.860000 0.970823
6.880000 0.996950
6.900000 0.966901
6.920000 0.982621
6.940000 0.979047
6.960000 0.959874
6.980000 0.938531
7.000000 0.929644
7.020000 0.936413
7.040000 0.962923
7.060000 0.964758
7.080000 0.973898
7.100000 0.964777
7.120000 0.950041
7.140000 0.959271
7.160000 0.968384
7.180000 0.956988
7.200000 0.960913
7.220000 0.965083
7.240000 0.951843
7.260000 0.973241
7.280000 0.975644
7.300000 0.987081
7.320000 0.986313
7.340000 0.962122
7.360000 0.981943
7.380000 0.978373
7.400000 1.003529
7.420000 0.992882
7.440000 0.971414
7.460000 0.970470
7.480000 0.972529
7.500000 0.963244
7.520000 0.966779
7.540000 0.942893
7.560000 0.955853
7.580000 0.947711
7.600000 0.950473
7.620000 0.954369
7.640000 0.960644
7.660000 0.961017
7.680000 0.956113
7.700000 0.941228
7.720000 0.959564
7.740000 0.939962
7.760000 0.950670
7.780000 0.967509
7.800000 0.985373
7.820000 0.988771
7.840000 0.970396
7.860000 0.969980
7.880000 0.970149
7.900000 0.968788
7.920000 0.965751
7.940000 0.989837
7.960000 0.984046
7.980000 0.976979
8.000000 0.974488
8.020000 0.978550
8.040000 0.985325
8.060000 0.976886
8.080000 0.970049
8.100000 0.967674
8.120000 0.968342
8.140000 0.966928
8.160000 0.966938
8.180000 0.954206
8.200000 0.974977
8.220000 0.964252
8.240000 0.976465
8.260000 0.980071
8.280000 0.951572
8.300000 0.974628
8.320000 0.947316
