0.000000 0.000000
0.020000 0.000000
0.040000 0.000000
0.060000 0.000000
0.080000 0.000000
0.100000 0.000000
0.120000 0.000000
0.140000 0.000000
0.160000 0.000000
0.180000 0.000000
0.200000 0.000000
0.220000 0.000000
0.240000 0.000000
0.260000 0.000000
0.280000 0.000000
0.300000 0.000000
0.320000 0.000000
0.340000 0.000000
0.360000 0.000000
0.380000 0.000000
0.400000 0.000000
0.420000 0.000000
0.440000 0.000000
0.460000 0.000000
0.480000 0.000000
0.500000 0.000000
0.520000 0.000000
0.540000 0.000000
0.560000 0.000000
0.580000 0.000000
0.600000 0.000000
0.620000 0.000000
0.640000 0.000000
0.660000 0.000000
0.680000 0.000000
0.700000 0.000000
0.720000 0.000000
0.740000 0.000000
0.760000 0.000000
0.780000 0.000000
0.800000 0.000000
0.820000 0.000000
0.840000 0.000000
0.860000 0.000000
0.880000 0.000000
0.900000 0.000000
0.920000 0.000000
0.940000 0.000000
0.960000 0.000000
0.980000 0.000000
1.000000 0.000000
1.020000 0.000000
1.040000 0.000000
1.060000 0.000000
1.080000 0.000000
1.100000 0.000000
1.120000 0.000000
1.140000 0.000000
1.160000 0.000000
1.180000 0.000000
1.200000 0.000000
1.220000 0.000000
1.240000 0.000000
1.260000 0.000000
1.280000 0.000000
1.300000 0.000000
1.320000 0.000000
1.340000 0.000000
1.360000 0.000000
1.380000 0.000000
1.400000 0.000000
1.420000 0.000000
1.440000 0.000000
1.460000 0.000000
1.480000 0.000000
1.500000 0.000000
1.520000 0.000000
1.540000 0.000000
1.560000 0.000000
1.580000 0.000000
1.600000 0.000000
1.620000 0.000000
1.640000 0.000000
1.660000 0.000000
1.680000 0.000000
1.700000 0.000000
1.720000 0.000000
1.740000 0.000000
1.760000 0.000000
1.780000 0.000000
1.800000 0.000000
1.820000 0.000000
1.840000 0.000000
1.860000 0.000000
1.880000 0.000000
1.900000 0.000000
1.920000 0.000000
1.940000 0.000000
1.960000 0.000000
1.980000 0.000000
2.000000 0.000000
2.020000 0.000000
2.040000 0.000000
2.060000 0.000000
2.080000 0.000000
2.100000 0.000000
2.120000 0.000000
2.140000 0.000000
2.160000 0.000000
2.180000 0.000000
2.200000 0.000000
2.220000 0.000000
2.240000 0.000000
2.260000 0.000000
2.280000 0.000000
2.300000 0.000000
2.320000 0.000000
2.340000 0.000000
2.360000 0.000000
2.380000 0.000000
2.400000 0.000000
2.420000 0.000000
2.440000 0.000000
2.460000 0.000000
2.480000 0.000000
2.500000 0.000000
2.520000 0.000000
2.540000 0.000000
2.560000 0.000000
2.580000 0.000000
2.600000 0.000000
2.620000 0.000000
2.640000 0.000000
2.660000 0.000000
2.680000 0.000000
2.700000 0.000000
2.720000 0.000000
2.740000 0.000000
2.760000 0.000000
2.780000 0.000000
2.800000 0.000000
2.820000 0.000000
2.840000 0.000000
2.860000 0.000000
2.880000 0.000000
2.900000 0.000000
2.920000 0.000000
2.940000 0.000000
2.960000 0.000000
2.980000 0.000000
3.000000 0.000000
3.020000 0.000000
3.040000 0.000000
3.060000 0.000000
3.080000 0.000000
3.100000 0.000000
3.120000 0.000000
3.140000 0.000000
3.160000 0.000000
3.180000 0.000000
3.200000 0.000000
3.220000 0.000000
3.240000 0.000000
3.260000 0.000000
3.280000 0.000000
3.300000 0.000000
3.320000 0.000000
3.340000 0.000000
3.360000 0.000000
3.380000 0.000000
3.400000 0.000000
3.420000 0.000000
3.440000 0.000000
3.460000 0.000000
3.480000 0.000000
3.500000 0.000000
3.520000 0.000000
3.540000 0.000000
3.560000 0.000000
3.580000 0.000000
3.600000 0.000000
3.620000 0.000000
3.640000 0.000000
3.660000 0.000000
3.680000 0.000000
3.700000 0.000000
3.720000 0.000000
3.740000 0.000000
3.760000 0.000000
3.780000 0.000000
3.800000 0.000000
3.820000 0.000000
3.840000 0.000000
3.860000 0.000000
3.880000 0.000000
3.900000 0.001379
3.920000 0.000000
3.940000 0.001351
3.960000 0.004013
3.980000 0.002649
4.000000 0.007867
4.020000 0.019473
4.040000 0.019281
4.060000 0.021637
4.080000 0.039071
4.100000 0.049925
4.120000 0.053151
4.140000 0.057537
4.160000 0.099423
4.180000 0.100878
4.200000 0.128470
4.220000 0.142576
4.240000 0.182092
4.260000 0.223175
4.280000 0.218807
4.300000 0.262181
4.320000 0.241772
4.340000 0.309749
4.360000 0.349977
4.380000 0.383991
4.400000 0.444478
4.420000 0.543609
4.440000 0.555768
4.460000 0.540254
4.480000 0.599246
4.500000 0.659246
4.520000 0.734603
4.540000 0.681313
4.560000 0.777323
4.580000 0.816598
4.600000 0.867068
4.620000 0.954994
4.640000 0.925345
4.660000 1.043112
4.680000 1.021774
4.700000 1.131914
4.720000 1.096918
4.740000 1.227868
4.760000 1.256511
4.780000 1.326904
4.800000 1.329562
4.820000 1.408045
4.840000 1.434998
4.860000 1.440126
4.880000 1.512132
4.900000 1.520828
4.920000 1.397478
4.940000 1.528185
4.960000 1.472379
4.980000 1.504630
5.000000 1.551440
5.020000 1.616625
5.040000 1.643528
5.060000 1.583014
5.080000 1.764279
5.100000 1.689938
5.120000 1.782538
5.140000 1.744077
5.160000 1.782670
5.180000 1.797135
5.200000 1.750741
5.220000 1.839893
5.240000 1.877917
5.260000 1.900129
5.280000 1.996540
5.300000 1.989006
5.320000 2.008246
5.340000 2.022723
5.360000 2.063251
5.380000 2.021116
5.400000 2.074634
5.420000 1.997884
5.440000 2.048551
5.460000 2.059670
5.480000 2.011114
5.500000 2.109736
5.520000 2.029007
5.540000 2.017832
5.560000 2.096468
5.580000 1.931032
5.600000 2.057300
5.620000 1.952248
5.640000 1.941093
5.660000 1.916930
5.680000 1.857242
5.700000 1.780883
5.720000 1.831403
5.740000 1.784887
5.760000 1.751637
5.780000 1.769744
5.800000 1.750711
5.820000 1.699640
5.840000 1.692967
5.860000 1.696136
5.880000 1.658504
5.900000 1.611684
5.920000 1.542074
5.940000 1.538871
5.960000 1.565845
5.980000 1.537191
6.000000 1.507714
6.020000 1.449023
6.040000 1.437154
6.060000 1.360749
6.080000 1.350121
6.100000 1.326048
6.120000 1.305066
6.140000 1.259243
6.160000 1.233924
6.180000 1.287042
6.200000 1.232841
6.220000 1.241234
6.240000 1.232763
6.260000 1.201314
6.280000 1.167575
6.300000 1.157008
6.320000 1.093407
6.340000 1.090713
6.360000 1.136354
6.380000 1.095689
6.400000 1.081165
6.420000 1.121875
6.440000 1.071345
6.460000 1.051636
6.480000 1.064687
6.500000 1.040743
6.520000 1.005205
6.540000 1.042322
6.560000 1.013517
6.580000 1.007375
6.600000 0.969439
6.620000 0.963120
6.640000 0.926346
6.660000 0.927908
6.680000 0.924252
6.700000 0.944974
6.720000 0.974743
6.740000 0.999054
6.760000 0.956359
6.780000 1.016585
6.800000 1.006986
6.820000 0.976239
6.840000 0.945384
6.860000 0.919786
6.880000 0.952204
6.900000 0.911817
6.920000 0.934658
6.940000 0.934088
6.960000 0.881865
6.980000 0.928175
7.000000 0.902721
7.020000 0.928734
7.040000 0.948924
7.060000 0.904336
7.080000 0.895047
7.100000 0.950076
7.120000 0.937703
7.140000 0.911844
7.160000 0.961719
7.180000 0.946180
7.200000 0.923093
7.220000 0.877256
7.240000 0.940211
7.260000 0.866433
7.280000 0.929525
7.300000 0.916949
7.320000 0.926079
7.340000 0.859773
7.360000 0.860935
7.380000 0.881375
7.400000 0.881232
7.420000 0.864272
7.440000 0.888128
7.460000 0.854286
7.480000 0.878292
7.500000 0.806332
7.520000 0.848163
7.540000 0.805578
7.560000 0.835912
7.580000 0.793084
7.600000 0.861369
7.620000 0.824265
7.640000 0.780332
7.660000 0.797413
7.680000 0.773305
7.700000 0.785613
7.720000 0.774849
7.740000 0.790513
7.760000 0.801465
7.780000 0.796660
7.800000 0.803646
7.820000 0.794043
7.840000 0.810189
7.860000 0.777823
7.880000 0.787770
7.900000 0.827261
7.920000 0.814711
7.940000 0.816288
7.960000 0.826137
7.980000 0.847106
8.000000 0.805748
8.020000 0.809260
8.040000 0.803291
8.060000 0.827804
8.080000 0.834669
8.100000 0.792091
8.120000 0.786284
8.140000 0.833534
8.160000 0.813349
8.180000 0.834527
8.200000 0.872381
8.220000 0.866278
8.240000 0.861154
8.260000 0.855761
8.280000 0.842433
8.300000 0.876546
8.320000 0.874773
